<?xml version="1.0" encoding="UTF-8"?>
<!-- Generated by org.testng.reporters.JUnitXMLReporter -->
<testsuite ignored="0" hostname="LAPTOP-7L4G2GBT" failures="0" tests="5" name="Test" time="55.454" errors="0" timestamp="2026-09-06T11:18:21 IST">
  <testcase classname="Register.TC_RF_001" name="registerWithMandatoryField" time="7.048"/>
  <testcase classname="Register.TC_RF_003" name="verifyRegisteringAccount" time="7.828"/>
  <testcase classname="Register.TC_RF_004" name="verifyNotificationMessages" time="2.62"/>
  <testcase classname="Register.TC_RF_005" name="subscribeToNewsletter" time="4.866"/>
  <testcase classname="Register.TC_RF_006" name="subscribeToNewsletter" time="5.405"/>
</testsuite> <!-- Test -->
