<?xml version="1.0" encoding="UTF-8"?>
<testng-results ignored="0" total="1" passed="1" failed="0" skipped="0">
  <reporter-output>
  </reporter-output>
  <suite started-at="2026-09-19T22:22:16 IST" name="Default suite" finished-at="2026-09-19T22:22:32 IST" duration-ms="15716">
    <groups>
    </groups>
    <test started-at="2026-09-19T22:22:16 IST" name="Default test" finished-at="2026-09-19T22:22:32 IST" duration-ms="15716">
      <class name="Register.TC_RF_010">
        <test-method is-config="true" signature="setup()[pri:0, instance:Register.TC_RF_010@692f203f]" started-at="2026-09-19T22:22:16 IST" name="setup" finished-at="2026-09-19T22:22:23 IST" duration-ms="6676" status="PASS">
          <reporter-output>
          </reporter-output>
        </test-method> <!-- setup -->
        <test-method signature="invalidEmailInput()[pri:0, instance:Register.TC_RF_010@692f203f]" started-at="2026-09-19T22:22:23 IST" name="invalidEmailInput" finished-at="2026-09-19T22:22:31 IST" duration-ms="8062" status="PASS">
          <reporter-output>
          </reporter-output>
        </test-method> <!-- invalidEmailInput -->
        <test-method is-config="true" signature="teardown()[pri:0, instance:Register.TC_RF_010@692f203f]" started-at="2026-09-19T22:22:31 IST" name="teardown" finished-at="2026-09-19T22:22:32 IST" duration-ms="830" status="PASS">
          <reporter-output>
          </reporter-output>
        </test-method> <!-- teardown -->
      </class> <!-- Register.TC_RF_010 -->
    </test> <!-- Default test -->
  </suite> <!-- Default suite -->
</testng-results>
